0 info it worked if it ends with ok
1 verbose cli [ '/usr/local/Cellar/node/6.7.0/bin/node',
1 verbose cli   '/usr/local/bin/npm',
1 verbose cli   'run',
1 verbose cli   'test-debug' ]
2 info using npm@3.10.7
3 info using node@v6.7.0
4 verbose run-script [ 'pretest-debug', 'test-debug', 'posttest-debug' ]
5 info lifecycle mpl@0.0.1~pretest-debug: mpl@0.0.1
6 silly lifecycle mpl@0.0.1~pretest-debug: no script for pretest-debug, continuing
7 info lifecycle mpl@0.0.1~test-debug: mpl@0.0.1
8 verbose lifecycle mpl@0.0.1~test-debug: unsafe-perm in lifecycle true
9 verbose lifecycle mpl@0.0.1~test-debug: PATH: /usr/local/lib/node_modules/npm/bin/node-gyp-bin:/Users/drewgross/Documents/mpl/node_modules/.bin:/usr/local/Cellar/node/6.7.0/bin:/usr/local/bin:/usr/bin:/bin:/usr/sbin:/sbin:/opt/X11/bin
10 verbose lifecycle mpl@0.0.1~test-debug: CWD: /Users/drewgross/Documents/mpl
11 silly lifecycle mpl@0.0.1~test-debug: Args: [ '-c', 'inspect node_modules/ava/profile.js test.js' ]
12 silly lifecycle mpl@0.0.1~test-debug: Returned: code: 1  signal: null
13 info lifecycle mpl@0.0.1~test-debug: Failed to exec test-debug script
14 verbose stack Error: mpl@0.0.1 test-debug: `inspect node_modules/ava/profile.js test.js`
14 verbose stack Exit status 1
14 verbose stack     at EventEmitter.<anonymous> (/usr/local/lib/node_modules/npm/lib/utils/lifecycle.js:255:16)
14 verbose stack     at emitTwo (events.js:106:13)
14 verbose stack     at EventEmitter.emit (events.js:191:7)
14 verbose stack     at ChildProcess.<anonymous> (/usr/local/lib/node_modules/npm/lib/utils/spawn.js:40:14)
14 verbose stack     at emitTwo (events.js:106:13)
14 verbose stack     at ChildProcess.emit (events.js:191:7)
14 verbose stack     at maybeClose (internal/child_process.js:877:16)
14 verbose stack     at Process.ChildProcess._handle.onexit (internal/child_process.js:226:5)
15 verbose pkgid mpl@0.0.1
16 verbose cwd /Users/drewgross/Documents/mpl
17 error Darwin 16.5.0
18 error argv "/usr/local/Cellar/node/6.7.0/bin/node" "/usr/local/bin/npm" "run" "test-debug"
19 error node v6.7.0
20 error npm  v3.10.7
21 error code ELIFECYCLE
22 error mpl@0.0.1 test-debug: `inspect node_modules/ava/profile.js test.js`
22 error Exit status 1
23 error Failed at the mpl@0.0.1 test-debug script 'inspect node_modules/ava/profile.js test.js'.
23 error Make sure you have the latest version of node.js and npm installed.
23 error If you do, this is most likely a problem with the mpl package,
23 error not with npm itself.
23 error Tell the author that this fails on your system:
23 error     inspect node_modules/ava/profile.js test.js
23 error You can get information on how to open an issue for this project with:
23 error     npm bugs mpl
23 error Or if that isn't available, you can get their info via:
23 error     npm owner ls mpl
23 error There is likely additional logging output above.
24 verbose exit [ 1, true ]
